情報: Serverのバージョン名:     Apache Tomcat/8.5.59 [木 10 21 19:15:46 JST 2021]
情報: Server ビルド:            Oct 6 2020 16:57:18 UTC [木 10 21 19:15:46 JST 2021]
情報: サーバーのバージョン番号: 8.5.59.0 [木 10 21 19:15:46 JST 2021]
情報: OS 名:                    Mac OS X [木 10 21 19:15:46 JST 2021]
情報: OS バージョン:            10.16 [木 10 21 19:15:46 JST 2021]
情報: アーキテクチャ:           x86_64 [木 10 21 19:15:46 JST 2021]
情報: Java Home:                /Users/nagasakayuki/Desktop/Eclipse_2020-12.app/Contents/java/8/Home/jre [木 10 21 19:15:46 JST 2021]
情報: JVM バージョン:           1.8.0_202-b08 [木 10 21 19:15:46 JST 2021]
情報: JVM ベンダ:               Oracle Corporation [木 10 21 19:15:46 JST 2021]
情報: CATALINA_BASE:            /Users/nagasakayuki/Desktop/Eclipse_2020-12.app/Contents/workspace/.metadata/.plugins/org.eclipse.wst.server.core/tmp0 [木 10 21 19:15:46 JST 2021]
情報: CATALINA_HOME:            /Users/nagasakayuki/Desktop/Eclipse_2020-12.app/Contents/tomcat/8 [木 10 21 19:15:46 JST 2021]
情報: コマンドライン引数:       -Djava.ext.dirs=/Users/nagasakayuki/Desktop/Eclipse_2020-12.app/Contents/java/8/Home/jre/lib/ext [木 10 21 19:15:46 JST 2021]
情報: コマンドライン引数:       -Dcatalina.base=/Users/nagasakayuki/Desktop/Eclipse_2020-12.app/Contents/workspace/.metadata/.plugins/org.eclipse.wst.server.core/tmp0 [木 10 21 19:15:46 JST 2021]
情報: コマンドライン引数:       -Dcatalina.home=/Users/nagasakayuki/Desktop/Eclipse_2020-12.app/Contents/tomcat/8 [木 10 21 19:15:46 JST 2021]
情報: コマンドライン引数:       -Dwtp.deploy=/Users/nagasakayuki/Desktop/Eclipse_2020-12.app/Contents/workspace/.metadata/.plugins/org.eclipse.wst.server.core/tmp0/wtpwebapps [木 10 21 19:15:46 JST 2021]
情報: コマンドライン引数:       -Djava.endorsed.dirs=/Users/nagasakayuki/Desktop/Eclipse_2020-12.app/Contents/tomcat/8/endorsed [木 10 21 19:15:46 JST 2021]
情報: コマンドライン引数:       -Dfile.encoding=UTF-8 [木 10 21 19:15:46 JST 2021]
情報: 商用環境に最適な性能を発揮する APR ベースの Tomcat ネイティブライブラリが java.library.path [/Users/nagasakayuki/Library/Java/Extensions:/Library/Java/Extensions:/Network/Library/Java/Extensions:/System/Library/Java/Extensions:/usr/lib/java:.] に存在しません。 [木 10 21 19:15:46 JST 2021]
情報: プロトコルハンドラ ["http-nio-8080"] を初期化します。 [木 10 21 19:15:47 JST 2021]
情報: Using a shared selector for servlet write/read [木 10 21 19:15:47 JST 2021]
情報: Initialization processed in 778 ms [木 10 21 19:15:47 JST 2021]
情報: サービス [Catalina] を起動します [木 10 21 19:15:47 JST 2021]
情報: Starting Servlet Engine: Apache Tomcat/8.5.59 [木 10 21 19:15:47 JST 2021]
情報: 少なくとも1つのJARが、まだTLDを含んでいないTLDについてスキャンされました。 スキャンしたが、そこにTLDが見つからなかったJARの完全なリストについては、このロガーのデバッグログを有効にしてください。 スキャン中に不要なJARをスキップすると、起動時間とJSPのコンパイル時間が改善されます。 [木 10 21 19:15:47 JST 2021]
情報: 少なくとも1つのJARが、まだTLDを含んでいないTLDについてスキャンされました。 スキャンしたが、そこにTLDが見つからなかったJARの完全なリストについては、このロガーのデバッグログを有効にしてください。 スキャン中に不要なJARをスキップすると、起動時間とJSPのコンパイル時間が改善されます。 [木 10 21 19:15:47 JST 2021]
情報: プロトコルハンドラー ["http-nio-8080"] を開始しました。 [木 10 21 19:15:47 JST 2021]
情報: Server startup in 836 ms [木 10 21 19:15:47 JST 2021]
重大: パス[/MVC_Task]を持つコンテキスト内のサーブレット[jsp]のServlet.service() が例外[JSPのクラスをコンパイルできません: 

JSPファイル: [/login.jsp] の中の[11]行目でエラーが発生しました
Lambda expressions are allowed only at source level 1.8 or above
8: 
9: <%
10:   //リクエストより社員番号を取得: 関数型インターフェース（ラムダ式）
11:     Function<HttpServletRequest, Object[]> rmdGetResponseInfo = (rmdRequest) -> {
12:         // request: responseBean
13:         ResponseBean rb = (ResponseBean) request.getAttribute("responseBean");
14:         int requestStatus = 0;


Stacktrace:]が根本的要因と共に投げられました。 [木 10 21 19:15:49 JST 2021]
重大: パス[/MVC_Task]を持つコンテキスト内のサーブレット[jsp]のServlet.service() が例外[JSPのクラスをコンパイルできません: 

JSPファイル: [/login.jsp] の中の[11]行目でエラーが発生しました
Lambda expressions are allowed only at source level 1.8 or above
8: 
9: <%
10:   //リクエストより社員番号を取得: 関数型インターフェース（ラムダ式）
11:     Function<HttpServletRequest, Object[]> rmdGetResponseInfo = (rmdRequest) -> {
12:         // request: responseBean
13:         ResponseBean rb = (ResponseBean) request.getAttribute("responseBean");
14:         int requestStatus = 0;


Stacktrace:]が根本的要因と共に投げられました。 [木 10 21 19:16:11 JST 2021]
